Build started 4/11/2015 5:01:16 PM.
     1>Project "C:\project\developer-platform-install\windows\idp_source\idp\idp.vcxproj" on node 2 (Build target(s)).
     1>ClCompile:
         C:\Program Files (x86)\Microsoft Visual Studio 14.0\VC\bin\CL.exe /c /Zi /nologo /W3 /WX- /O2 /Oy- /GL /D WIN32 /D NDEBUG /D _WINDOWS /D _USRDLL /D IDP_EXPORTS /D _CRT_SECURE_NO_DEPRECATE /D _CRT_NON_CONFORMING_SWPRINTFS /D _WINDLL /D _UNICODE /D UNICODE /Gm- /EHsc /MT /GS /fp:precise /Zc:wchar_t /Zc:forScope /Zc:inline /Fo"Release\\" /Fd"Release\vc140.pdb" /Gd /TP /analyze- /errorReport:prompt downloader.cpp errordialog.cpp file.cpp ftpdir.cpp idp.cpp internetoptions.cpp netfile.cpp timer.cpp trace.cpp tstring.cpp ui.cpp url.cpp
         downloader.cpp
     1>c:\project\developer-platform-install\windows\idp_source\idp\ui.h(3): warning C4005: '_WIN32_WINNT': macro redefinition
         C:\Program Files (x86)\Windows Kits\8.1\Include\shared\sdkddkver.h(200): note: see previous definition of '_WIN32_WINNT'
         errordialog.cpp
     1>c:\project\developer-platform-install\windows\idp_source\idp\ui.h(3): warning C4005: '_WIN32_WINNT': macro redefinition
         C:\Program Files (x86)\Windows Kits\8.1\Include\shared\sdkddkver.h(200): note: see previous definition of '_WIN32_WINNT'
         file.cpp
         ftpdir.cpp
         idp.cpp
     1>c:\project\developer-platform-install\windows\idp_source\idp\ui.h(3): warning C4005: '_WIN32_WINNT': macro redefinition
         C:\Program Files (x86)\Windows Kits\8.1\Include\shared\sdkddkver.h(200): note: see previous definition of '_WIN32_WINNT'
         internetoptions.cpp
         netfile.cpp
         timer.cpp
         trace.cpp
         tstring.cpp
         ui.cpp
         url.cpp
     1>c:\project\developer-platform-install\windows\idp_source\idp\ui.h(3): warning C4005: '_WIN32_WINNT': macro redefinition
         C:\Program Files (x86)\Windows Kits\8.1\Include\shared\sdkddkver.h(200): note: see previous definition of '_WIN32_WINNT'
       ResourceCompile:
         C:\Program Files (x86)\Windows Kits\8.1\bin\x86\rc.exe /D _UNICODE /D UNICODE /l"0x0409" /nologo /fo"Release\idp.res" idp.rc 
       Link:
         C:\Program Files (x86)\Microsoft Visual Studio 14.0\VC\bin\link.exe /ERRORREPORT:PROMPT /OUT:"C:\project\developer-platform-install\windows\idp_source\\unicode\idp.dll" /INCREMENTAL:NO /NOLOGO wininet.lib kernel32.lib user32.lib gdi32.lib winspool.lib comdlg32.lib advapi32.lib shell32.lib ole32.lib oleaut32.lib uuid.lib odbc32.lib odbccp32.lib /DEF:"idp.def" /MANIFEST /MANIFESTUAC:"level='asInvoker' uiAccess='false'" /manifest:embed /Debug /PDB:"C:\project\developer-platform-install\windows\idp_source\\unicode\idp.pdb" /SUBSYSTEM:WINDOWS /OPT:REF /OPT:ICF /LTCG:incremental /TLBID:1 /DYNAMICBASE /NXCOMPAT /IMPLIB:"C:\project\developer-platform-install\windows\idp_source\\unicode\idp.lib" /MACHINE:X86 /SAFESEH /DLL Release\idp.res
         Release\downloader.obj
         Release\errordialog.obj
         Release\file.obj
         Release\ftpdir.obj
         Release\idp.obj
         Release\internetoptions.obj
         Release\netfile.obj
         Release\timer.obj
         Release\trace.obj
         Release\tstring.obj
         Release\ui.obj
         Release\url.obj
            Creating library C:\project\developer-platform-install\windows\idp_source\\unicode\idp.lib and object C:\project\developer-platform-install\windows\idp_source\\unicode\idp.exp
         Generating code
         All 1594 functions were compiled because no usable IPDB/IOBJ from previous compilation was found.
         Finished generating code
         idp.vcxproj -> C:\project\developer-platform-install\windows\idp_source\\unicode\idp.dll
     1>Done Building Project "C:\project\developer-platform-install\windows\idp_source\idp\idp.vcxproj" (Build target(s)).

Build succeeded.

Time Elapsed 00:00:09.21
